<?xml version="1.0" encoding="UTF-8"?>
<!-- Generated by org.testng.reporters.JUnitReportReporter -->
<testsuite hostname="LAPTOP-17E9B0FD" failures="0" tests="1" name="testcase.Testcase1" time="33.279" errors="0" timestamp="2023-02-20T19:22:34 IST" skipped="0">
  <testcase classname="testcase.Testcase1" name="test" time="33.279"/>
  <system-out/>
</testsuite> <!-- testcase.Testcase1 -->
